◇ injected env (0) from .env // tip: ⌘ suppress logs { quiet: true }
🚀 Server Running On Port 5000
✅ MySQL Connected Successfully
Staff save failed Error: Field 'staff_name' doesn't have a default value
    at Packet.asError (C:\Users\Adesh Rasal\OneDrive\Desktop\smartkhata\backend\node_modules\mysql2\lib\packets\packet.js:791:17)
    at Query.execute (C:\Users\Adesh Rasal\OneDrive\Desktop\smartkhata\backend\node_modules\mysql2\lib\commands\command.js:29:26)
    at Connection.handlePacket (C:\Users\Adesh Rasal\OneDrive\Desktop\smartkhata\backend\node_modules\mysql2\lib\base\connection.js:552:34)
    at PacketParser.onPacket (C:\Users\Adesh Rasal\OneDrive\Desktop\smartkhata\backend\node_modules\mysql2\lib\base\connection.js:102:12)
    at PacketParser.executeStart (C:\Users\Adesh Rasal\OneDrive\Desktop\smartkhata\backend\node_modules\mysql2\lib\packet_parser.js:75:16)
    at Socket.<anonymous> (C:\Users\Adesh Rasal\OneDrive\Desktop\smartkhata\backend\node_modules\mysql2\lib\base\connection.js:109:25)
    at Socket.emit (node:events:519:28)
    at addChunk (node:internal/streams/readable:561:12)
    at readableAddChunkPushByteMode (node:internal/streams/readable:512:3)
    at Readable.push (node:internal/streams/readable:392:5) {
  code: 'ER_NO_DEFAULT_FOR_FIELD',
  errno: 1364,
  sqlState: 'HY000',
  sqlMessage: "Field 'staff_name' doesn't have a default value",
  sql: '\n' +
    '        INSERT INTO staff\n' +
    '        (name, mobile, role, salary, joining_date, status, address, note)\n' +
    "        VALUES ('adesh rasal', '9146474395', 'manager', 50000, '2026-06-30', 'Active', 'pune, marunji', 'NA')\n" +
    '      '
}
Staff save failed Error: Field 'staff_name' doesn't have a default value
    at Packet.asError (C:\Users\Adesh Rasal\OneDrive\Desktop\smartkhata\backend\node_modules\mysql2\lib\packets\packet.js:791:17)
    at Query.execute (C:\Users\Adesh Rasal\OneDrive\Desktop\smartkhata\backend\node_modules\mysql2\lib\commands\command.js:29:26)
    at Connection.handlePacket (C:\Users\Adesh Rasal\OneDrive\Desktop\smartkhata\backend\node_modules\mysql2\lib\base\connection.js:552:34)
    at PacketParser.onPacket (C:\Users\Adesh Rasal\OneDrive\Desktop\smartkhata\backend\node_modules\mysql2\lib\base\connection.js:102:12)
    at PacketParser.executeStart (C:\Users\Adesh Rasal\OneDrive\Desktop\smartkhata\backend\node_modules\mysql2\lib\packet_parser.js:75:16)
    at Socket.<anonymous> (C:\Users\Adesh Rasal\OneDrive\Desktop\smartkhata\backend\node_modules\mysql2\lib\base\connection.js:109:25)
    at Socket.emit (node:events:519:28)
    at addChunk (node:internal/streams/readable:561:12)
    at readableAddChunkPushByteMode (node:internal/streams/readable:512:3)
    at Readable.push (node:internal/streams/readable:392:5) {
  code: 'ER_NO_DEFAULT_FOR_FIELD',
  errno: 1364,
  sqlState: 'HY000',
  sqlMessage: "Field 'staff_name' doesn't have a default value",
  sql: '\n' +
    '        INSERT INTO staff\n' +
    '        (name, mobile, role, salary, joining_date, status, address, note)\n' +
    "        VALUES ('adesh rasal', '9146474395', 'manager', 50000, '2026-06-30', 'Active', 'pune, marunji', 'NA')\n" +
    '      '
}
Staff save failed Error: Field 'staff_name' doesn't have a default value
    at Packet.asError (C:\Users\Adesh Rasal\OneDrive\Desktop\smartkhata\backend\node_modules\mysql2\lib\packets\packet.js:791:17)
    at Query.execute (C:\Users\Adesh Rasal\OneDrive\Desktop\smartkhata\backend\node_modules\mysql2\lib\commands\command.js:29:26)
    at Connection.handlePacket (C:\Users\Adesh Rasal\OneDrive\Desktop\smartkhata\backend\node_modules\mysql2\lib\base\connection.js:552:34)
    at PacketParser.onPacket (C:\Users\Adesh Rasal\OneDrive\Desktop\smartkhata\backend\node_modules\mysql2\lib\base\connection.js:102:12)
    at PacketParser.executeStart (C:\Users\Adesh Rasal\OneDrive\Desktop\smartkhata\backend\node_modules\mysql2\lib\packet_parser.js:75:16)
    at Socket.<anonymous> (C:\Users\Adesh Rasal\OneDrive\Desktop\smartkhata\backend\node_modules\mysql2\lib\base\connection.js:109:25)
    at Socket.emit (node:events:519:28)
    at addChunk (node:internal/streams/readable:561:12)
    at readableAddChunkPushByteMode (node:internal/streams/readable:512:3)
    at Readable.push (node:internal/streams/readable:392:5) {
  code: 'ER_NO_DEFAULT_FOR_FIELD',
  errno: 1364,
  sqlState: 'HY000',
  sqlMessage: "Field 'staff_name' doesn't have a default value",
  sql: '\n' +
    '        INSERT INTO staff\n' +
    '        (name, mobile, role, salary, joining_date, status, address, note)\n' +
    "        VALUES ('adesh rasal', '9146474395', 'manager', 50000, '2026-06-30', 'Active', 'pune, marunji', 'NA')\n" +
    '      '
}
Staff save failed Error: Field 'staff_name' doesn't have a default value
    at Packet.asError (C:\Users\Adesh Rasal\OneDrive\Desktop\smartkhata\backend\node_modules\mysql2\lib\packets\packet.js:791:17)
    at Query.execute (C:\Users\Adesh Rasal\OneDrive\Desktop\smartkhata\backend\node_modules\mysql2\lib\commands\command.js:29:26)
    at Connection.handlePacket (C:\Users\Adesh Rasal\OneDrive\Desktop\smartkhata\backend\node_modules\mysql2\lib\base\connection.js:552:34)
    at PacketParser.onPacket (C:\Users\Adesh Rasal\OneDrive\Desktop\smartkhata\backend\node_modules\mysql2\lib\base\connection.js:102:12)
    at PacketParser.executeStart (C:\Users\Adesh Rasal\OneDrive\Desktop\smartkhata\backend\node_modules\mysql2\lib\packet_parser.js:75:16)
    at Socket.<anonymous> (C:\Users\Adesh Rasal\OneDrive\Desktop\smartkhata\backend\node_modules\mysql2\lib\base\connection.js:109:25)
    at Socket.emit (node:events:519:28)
    at addChunk (node:internal/streams/readable:561:12)
    at readableAddChunkPushByteMode (node:internal/streams/readable:512:3)
    at Readable.push (node:internal/streams/readable:392:5) {
  code: 'ER_NO_DEFAULT_FOR_FIELD',
  errno: 1364,
  sqlState: 'HY000',
  sqlMessage: "Field 'staff_name' doesn't have a default value",
  sql: '\n' +
    '        INSERT INTO staff\n' +
    '        (name, mobile, role, salary, joining_date, status, address, note)\n' +
    "        VALUES ('adesh rasal', '9146474395', 'manager', 50000, '2026-06-30', 'Active', 'pune, marunji', 'NA')\n" +
    '      '
}
Staff save failed Error: Field 'staff_name' doesn't have a default value
    at Packet.asError (C:\Users\Adesh Rasal\OneDrive\Desktop\smartkhata\backend\node_modules\mysql2\lib\packets\packet.js:791:17)
    at Query.execute (C:\Users\Adesh Rasal\OneDrive\Desktop\smartkhata\backend\node_modules\mysql2\lib\commands\command.js:29:26)
    at Connection.handlePacket (C:\Users\Adesh Rasal\OneDrive\Desktop\smartkhata\backend\node_modules\mysql2\lib\base\connection.js:552:34)
    at PacketParser.onPacket (C:\Users\Adesh Rasal\OneDrive\Desktop\smartkhata\backend\node_modules\mysql2\lib\base\connection.js:102:12)
    at PacketParser.executeStart (C:\Users\Adesh Rasal\OneDrive\Desktop\smartkhata\backend\node_modules\mysql2\lib\packet_parser.js:75:16)
    at Socket.<anonymous> (C:\Users\Adesh Rasal\OneDrive\Desktop\smartkhata\backend\node_modules\mysql2\lib\base\connection.js:109:25)
    at Socket.emit (node:events:519:28)
    at addChunk (node:internal/streams/readable:561:12)
    at readableAddChunkPushByteMode (node:internal/streams/readable:512:3)
    at Readable.push (node:internal/streams/readable:392:5) {
  code: 'ER_NO_DEFAULT_FOR_FIELD',
  errno: 1364,
  sqlState: 'HY000',
  sqlMessage: "Field 'staff_name' doesn't have a default value",
  sql: '\n' +
    '        INSERT INTO staff\n' +
    '        (name, mobile, role, salary, joining_date, status, address, note)\n' +
    "        VALUES ('adesh rasal', '9146474395', 'manager', 50000, '2026-06-30', 'Active', 'pune, marunji', 'NA')\n" +
    '      '
}
Staff save failed Error: Field 'staff_name' doesn't have a default value
    at Packet.asError (C:\Users\Adesh Rasal\OneDrive\Desktop\smartkhata\backend\node_modules\mysql2\lib\packets\packet.js:791:17)
    at Query.execute (C:\Users\Adesh Rasal\OneDrive\Desktop\smartkhata\backend\node_modules\mysql2\lib\commands\command.js:29:26)
    at Connection.handlePacket (C:\Users\Adesh Rasal\OneDrive\Desktop\smartkhata\backend\node_modules\mysql2\lib\base\connection.js:552:34)
    at PacketParser.onPacket (C:\Users\Adesh Rasal\OneDrive\Desktop\smartkhata\backend\node_modules\mysql2\lib\base\connection.js:102:12)
    at PacketParser.executeStart (C:\Users\Adesh Rasal\OneDrive\Desktop\smartkhata\backend\node_modules\mysql2\lib\packet_parser.js:75:16)
    at Socket.<anonymous> (C:\Users\Adesh Rasal\OneDrive\Desktop\smartkhata\backend\node_modules\mysql2\lib\base\connection.js:109:25)
    at Socket.emit (node:events:519:28)
    at addChunk (node:internal/streams/readable:561:12)
    at readableAddChunkPushByteMode (node:internal/streams/readable:512:3)
    at Readable.push (node:internal/streams/readable:392:5) {
  code: 'ER_NO_DEFAULT_FOR_FIELD',
  errno: 1364,
  sqlState: 'HY000',
  sqlMessage: "Field 'staff_name' doesn't have a default value",
  sql: '\n' +
    '        INSERT INTO staff\n' +
    '        (name, mobile, role, salary, joining_date, status, address, note)\n' +
    "        VALUES ('adesh rasal', '9146474395', 'manager', 50000, '2026-06-30', 'Active', 'pune, marunji', 'NA')\n" +
    '      '
}
Staff save failed Error: Field 'staff_name' doesn't have a default value
    at Packet.asError (C:\Users\Adesh Rasal\OneDrive\Desktop\smartkhata\backend\node_modules\mysql2\lib\packets\packet.js:791:17)
    at Query.execute (C:\Users\Adesh Rasal\OneDrive\Desktop\smartkhata\backend\node_modules\mysql2\lib\commands\command.js:29:26)
    at Connection.handlePacket (C:\Users\Adesh Rasal\OneDrive\Desktop\smartkhata\backend\node_modules\mysql2\lib\base\connection.js:552:34)
    at PacketParser.onPacket (C:\Users\Adesh Rasal\OneDrive\Desktop\smartkhata\backend\node_modules\mysql2\lib\base\connection.js:102:12)
    at PacketParser.executeStart (C:\Users\Adesh Rasal\OneDrive\Desktop\smartkhata\backend\node_modules\mysql2\lib\packet_parser.js:75:16)
    at Socket.<anonymous> (C:\Users\Adesh Rasal\OneDrive\Desktop\smartkhata\backend\node_modules\mysql2\lib\base\connection.js:109:25)
    at Socket.emit (node:events:519:28)
    at addChunk (node:internal/streams/readable:561:12)
    at readableAddChunkPushByteMode (node:internal/streams/readable:512:3)
    at Readable.push (node:internal/streams/readable:392:5) {
  code: 'ER_NO_DEFAULT_FOR_FIELD',
  errno: 1364,
  sqlState: 'HY000',
  sqlMessage: "Field 'staff_name' doesn't have a default value",
  sql: '\n' +
    '        INSERT INTO staff\n' +
    '        (name, mobile, role, salary, joining_date, status, address, note)\n' +
    "        VALUES ('adesh rasal', '9146474395', 'manager', 50000, '2026-06-30', 'Active', 'pune, marunji', 'NA')\n" +
    '      '
}
Staff save failed Error: Field 'staff_name' doesn't have a default value
    at Packet.asError (C:\Users\Adesh Rasal\OneDrive\Desktop\smartkhata\backend\node_modules\mysql2\lib\packets\packet.js:791:17)
    at Query.execute (C:\Users\Adesh Rasal\OneDrive\Desktop\smartkhata\backend\node_modules\mysql2\lib\commands\command.js:29:26)
    at Connection.handlePacket (C:\Users\Adesh Rasal\OneDrive\Desktop\smartkhata\backend\node_modules\mysql2\lib\base\connection.js:552:34)
    at PacketParser.onPacket (C:\Users\Adesh Rasal\OneDrive\Desktop\smartkhata\backend\node_modules\mysql2\lib\base\connection.js:102:12)
    at PacketParser.executeStart (C:\Users\Adesh Rasal\OneDrive\Desktop\smartkhata\backend\node_modules\mysql2\lib\packet_parser.js:75:16)
    at Socket.<anonymous> (C:\Users\Adesh Rasal\OneDrive\Desktop\smartkhata\backend\node_modules\mysql2\lib\base\connection.js:109:25)
    at Socket.emit (node:events:519:28)
    at addChunk (node:internal/streams/readable:561:12)
    at readableAddChunkPushByteMode (node:internal/streams/readable:512:3)
    at Readable.push (node:internal/streams/readable:392:5) {
  code: 'ER_NO_DEFAULT_FOR_FIELD',
  errno: 1364,
  sqlState: 'HY000',
  sqlMessage: "Field 'staff_name' doesn't have a default value",
  sql: '\n' +
    '        INSERT INTO staff\n' +
    '        (name, mobile, role, salary, joining_date, status, address, note)\n' +
    "        VALUES ('adesh rasal', '9146474395', 'manager', 50000, '2026-06-30', 'Active', 'marunji', 'NA')\n" +
    '      '
}
Staff save failed Error: Field 'staff_name' doesn't have a default value
    at Packet.asError (C:\Users\Adesh Rasal\OneDrive\Desktop\smartkhata\backend\node_modules\mysql2\lib\packets\packet.js:791:17)
    at Query.execute (C:\Users\Adesh Rasal\OneDrive\Desktop\smartkhata\backend\node_modules\mysql2\lib\commands\command.js:29:26)
    at Connection.handlePacket (C:\Users\Adesh Rasal\OneDrive\Desktop\smartkhata\backend\node_modules\mysql2\lib\base\connection.js:552:34)
    at PacketParser.onPacket (C:\Users\Adesh Rasal\OneDrive\Desktop\smartkhata\backend\node_modules\mysql2\lib\base\connection.js:102:12)
    at PacketParser.executeStart (C:\Users\Adesh Rasal\OneDrive\Desktop\smartkhata\backend\node_modules\mysql2\lib\packet_parser.js:75:16)
    at Socket.<anonymous> (C:\Users\Adesh Rasal\OneDrive\Desktop\smartkhata\backend\node_modules\mysql2\lib\base\connection.js:109:25)
    at Socket.emit (node:events:519:28)
    at addChunk (node:internal/streams/readable:561:12)
    at readableAddChunkPushByteMode (node:internal/streams/readable:512:3)
    at Readable.push (node:internal/streams/readable:392:5) {
  code: 'ER_NO_DEFAULT_FOR_FIELD',
  errno: 1364,
  sqlState: 'HY000',
  sqlMessage: "Field 'staff_name' doesn't have a default value",
  sql: '\n' +
    '        INSERT INTO staff\n' +
    '        (name, mobile, role, salary, joining_date, status, address, note)\n' +
    "        VALUES ('adesh rasal', '9146474395', 'manager', 50000, '2026-06-30', 'Active', 'marunji', 'NA')\n" +
    '      '
}
Staff save failed Error: Field 'staff_name' doesn't have a default value
    at Packet.asError (C:\Users\Adesh Rasal\OneDrive\Desktop\smartkhata\backend\node_modules\mysql2\lib\packets\packet.js:791:17)
    at Query.execute (C:\Users\Adesh Rasal\OneDrive\Desktop\smartkhata\backend\node_modules\mysql2\lib\commands\command.js:29:26)
    at Connection.handlePacket (C:\Users\Adesh Rasal\OneDrive\Desktop\smartkhata\backend\node_modules\mysql2\lib\base\connection.js:552:34)
    at PacketParser.onPacket (C:\Users\Adesh Rasal\OneDrive\Desktop\smartkhata\backend\node_modules\mysql2\lib\base\connection.js:102:12)
    at PacketParser.executeStart (C:\Users\Adesh Rasal\OneDrive\Desktop\smartkhata\backend\node_modules\mysql2\lib\packet_parser.js:75:16)
    at Socket.<anonymous> (C:\Users\Adesh Rasal\OneDrive\Desktop\smartkhata\backend\node_modules\mysql2\lib\base\connection.js:109:25)
    at Socket.emit (node:events:519:28)
    at addChunk (node:internal/streams/readable:561:12)
    at readableAddChunkPushByteMode (node:internal/streams/readable:512:3)
    at Readable.push (node:internal/streams/readable:392:5) {
  code: 'ER_NO_DEFAULT_FOR_FIELD',
  errno: 1364,
  sqlState: 'HY000',
  sqlMessage: "Field 'staff_name' doesn't have a default value",
  sql: '\n' +
    '        INSERT INTO staff\n' +
    '        (name, mobile, role, salary, joining_date, status, address, note)\n' +
    "        VALUES ('adesh rasal', '9146474395', 'manager', 50000, '2026-06-30', 'Active', 'marunji', 'NA')\n" +
    '      '
}
Staff save failed Error: Field 'staff_name' doesn't have a default value
    at Packet.asError (C:\Users\Adesh Rasal\OneDrive\Desktop\smartkhata\backend\node_modules\mysql2\lib\packets\packet.js:791:17)
    at Query.execute (C:\Users\Adesh Rasal\OneDrive\Desktop\smartkhata\backend\node_modules\mysql2\lib\commands\command.js:29:26)
    at Connection.handlePacket (C:\Users\Adesh Rasal\OneDrive\Desktop\smartkhata\backend\node_modules\mysql2\lib\base\connection.js:552:34)
    at PacketParser.onPacket (C:\Users\Adesh Rasal\OneDrive\Desktop\smartkhata\backend\node_modules\mysql2\lib\base\connection.js:102:12)
    at PacketParser.executeStart (C:\Users\Adesh Rasal\OneDrive\Desktop\smartkhata\backend\node_modules\mysql2\lib\packet_parser.js:75:16)
    at Socket.<anonymous> (C:\Users\Adesh Rasal\OneDrive\Desktop\smartkhata\backend\node_modules\mysql2\lib\base\connection.js:109:25)
    at Socket.emit (node:events:519:28)
    at addChunk (node:internal/streams/readable:561:12)
    at readableAddChunkPushByteMode (node:internal/streams/readable:512:3)
    at Readable.push (node:internal/streams/readable:392:5) {
  code: 'ER_NO_DEFAULT_FOR_FIELD',
  errno: 1364,
  sqlState: 'HY000',
  sqlMessage: "Field 'staff_name' doesn't have a default value",
  sql: '\n' +
    '        INSERT INTO staff\n' +
    '        (name, mobile, role, salary, joining_date, status, address, note)\n' +
    "        VALUES ('adesh rasal', '9146474395', 'manager', 50000, '2026-06-30', 'Active', 'marunji', 'NA')\n" +
    '      '
}
Staff save failed Error: Field 'staff_name' doesn't have a default value
    at Packet.asError (C:\Users\Adesh Rasal\OneDrive\Desktop\smartkhata\backend\node_modules\mysql2\lib\packets\packet.js:791:17)
    at Query.execute (C:\Users\Adesh Rasal\OneDrive\Desktop\smartkhata\backend\node_modules\mysql2\lib\commands\command.js:29:26)
    at Connection.handlePacket (C:\Users\Adesh Rasal\OneDrive\Desktop\smartkhata\backend\node_modules\mysql2\lib\base\connection.js:552:34)
    at PacketParser.onPacket (C:\Users\Adesh Rasal\OneDrive\Desktop\smartkhata\backend\node_modules\mysql2\lib\base\connection.js:102:12)
    at PacketParser.executeStart (C:\Users\Adesh Rasal\OneDrive\Desktop\smartkhata\backend\node_modules\mysql2\lib\packet_parser.js:75:16)
    at Socket.<anonymous> (C:\Users\Adesh Rasal\OneDrive\Desktop\smartkhata\backend\node_modules\mysql2\lib\base\connection.js:109:25)
    at Socket.emit (node:events:519:28)
    at addChunk (node:internal/streams/readable:561:12)
    at readableAddChunkPushByteMode (node:internal/streams/readable:512:3)
    at Readable.push (node:internal/streams/readable:392:5) {
  code: 'ER_NO_DEFAULT_FOR_FIELD',
  errno: 1364,
  sqlState: 'HY000',
  sqlMessage: "Field 'staff_name' doesn't have a default value",
  sql: '\n' +
    '        INSERT INTO staff\n' +
    '        (name, mobile, role, salary, joining_date, status, address, note)\n' +
    "        VALUES ('adesh rasal', '9146474395', 'manager', 50000, '2026-06-30', 'Active', 'pune', '')\n" +
    '      '
}
Staff save failed Error: Field 'staff_name' doesn't have a default value
    at Packet.asError (C:\Users\Adesh Rasal\OneDrive\Desktop\smartkhata\backend\node_modules\mysql2\lib\packets\packet.js:791:17)
    at Query.execute (C:\Users\Adesh Rasal\OneDrive\Desktop\smartkhata\backend\node_modules\mysql2\lib\commands\command.js:29:26)
    at Connection.handlePacket (C:\Users\Adesh Rasal\OneDrive\Desktop\smartkhata\backend\node_modules\mysql2\lib\base\connection.js:552:34)
    at PacketParser.onPacket (C:\Users\Adesh Rasal\OneDrive\Desktop\smartkhata\backend\node_modules\mysql2\lib\base\connection.js:102:12)
    at PacketParser.executeStart (C:\Users\Adesh Rasal\OneDrive\Desktop\smartkhata\backend\node_modules\mysql2\lib\packet_parser.js:75:16)
    at Socket.<anonymous> (C:\Users\Adesh Rasal\OneDrive\Desktop\smartkhata\backend\node_modules\mysql2\lib\base\connection.js:109:25)
    at Socket.emit (node:events:519:28)
    at addChunk (node:internal/streams/readable:561:12)
    at readableAddChunkPushByteMode (node:internal/streams/readable:512:3)
    at Readable.push (node:internal/streams/readable:392:5) {
  code: 'ER_NO_DEFAULT_FOR_FIELD',
  errno: 1364,
  sqlState: 'HY000',
  sqlMessage: "Field 'staff_name' doesn't have a default value",
  sql: '\n' +
    '        INSERT INTO staff\n' +
    '        (name, mobile, role, salary, joining_date, status, address, note)\n' +
    "        VALUES ('adesh rasal', '9146474395', 'manager', 50000, '2026-06-30', 'Active', 'pune', '')\n" +
    '      '
}
Staff save failed Error: Field 'staff_name' doesn't have a default value
    at Packet.asError (C:\Users\Adesh Rasal\OneDrive\Desktop\smartkhata\backend\node_modules\mysql2\lib\packets\packet.js:791:17)
    at Query.execute (C:\Users\Adesh Rasal\OneDrive\Desktop\smartkhata\backend\node_modules\mysql2\lib\commands\command.js:29:26)
    at Connection.handlePacket (C:\Users\Adesh Rasal\OneDrive\Desktop\smartkhata\backend\node_modules\mysql2\lib\base\connection.js:552:34)
    at PacketParser.onPacket (C:\Users\Adesh Rasal\OneDrive\Desktop\smartkhata\backend\node_modules\mysql2\lib\base\connection.js:102:12)
    at PacketParser.executeStart (C:\Users\Adesh Rasal\OneDrive\Desktop\smartkhata\backend\node_modules\mysql2\lib\packet_parser.js:75:16)
    at Socket.<anonymous> (C:\Users\Adesh Rasal\OneDrive\Desktop\smartkhata\backend\node_modules\mysql2\lib\base\connection.js:109:25)
    at Socket.emit (node:events:519:28)
    at addChunk (node:internal/streams/readable:561:12)
    at readableAddChunkPushByteMode (node:internal/streams/readable:512:3)
    at Readable.push (node:internal/streams/readable:392:5) {
  code: 'ER_NO_DEFAULT_FOR_FIELD',
  errno: 1364,
  sqlState: 'HY000',
  sqlMessage: "Field 'staff_name' doesn't have a default value",
  sql: '\n' +
    '        INSERT INTO staff\n' +
    '        (name, mobile, role, salary, joining_date, status, address, note)\n' +
    "        VALUES ('adesh rasal', '9146474395', 'manager', 50000, '2026-06-30', 'Active', 'pune', '')\n" +
    '      '
}
Staff save failed Error: Field 'staff_name' doesn't have a default value
    at Packet.asError (C:\Users\Adesh Rasal\OneDrive\Desktop\smartkhata\backend\node_modules\mysql2\lib\packets\packet.js:791:17)
    at Query.execute (C:\Users\Adesh Rasal\OneDrive\Desktop\smartkhata\backend\node_modules\mysql2\lib\commands\command.js:29:26)
    at Connection.handlePacket (C:\Users\Adesh Rasal\OneDrive\Desktop\smartkhata\backend\node_modules\mysql2\lib\base\connection.js:552:34)
    at PacketParser.onPacket (C:\Users\Adesh Rasal\OneDrive\Desktop\smartkhata\backend\node_modules\mysql2\lib\base\connection.js:102:12)
    at PacketParser.executeStart (C:\Users\Adesh Rasal\OneDrive\Desktop\smartkhata\backend\node_modules\mysql2\lib\packet_parser.js:75:16)
    at Socket.<anonymous> (C:\Users\Adesh Rasal\OneDrive\Desktop\smartkhata\backend\node_modules\mysql2\lib\base\connection.js:109:25)
    at Socket.emit (node:events:519:28)
    at addChunk (node:internal/streams/readable:561:12)
    at readableAddChunkPushByteMode (node:internal/streams/readable:512:3)
    at Readable.push (node:internal/streams/readable:392:5) {
  code: 'ER_NO_DEFAULT_FOR_FIELD',
  errno: 1364,
  sqlState: 'HY000',
  sqlMessage: "Field 'staff_name' doesn't have a default value",
  sql: '\n' +
    '        INSERT INTO staff\n' +
    '        (name, mobile, role, salary, joining_date, status, address, note)\n' +
    "        VALUES ('adesh rasal', '9146474395', 'manager', 50000, '2026-06-30', 'Active', 'pune', '')\n" +
    '      '
}
Staff save failed Error: Field 'staff_name' doesn't have a default value
    at Packet.asError (C:\Users\Adesh Rasal\OneDrive\Desktop\smartkhata\backend\node_modules\mysql2\lib\packets\packet.js:791:17)
    at Query.execute (C:\Users\Adesh Rasal\OneDrive\Desktop\smartkhata\backend\node_modules\mysql2\lib\commands\command.js:29:26)
    at Connection.handlePacket (C:\Users\Adesh Rasal\OneDrive\Desktop\smartkhata\backend\node_modules\mysql2\lib\base\connection.js:552:34)
    at PacketParser.onPacket (C:\Users\Adesh Rasal\OneDrive\Desktop\smartkhata\backend\node_modules\mysql2\lib\base\connection.js:102:12)
    at PacketParser.executeStart (C:\Users\Adesh Rasal\OneDrive\Desktop\smartkhata\backend\node_modules\mysql2\lib\packet_parser.js:75:16)
    at Socket.<anonymous> (C:\Users\Adesh Rasal\OneDrive\Desktop\smartkhata\backend\node_modules\mysql2\lib\base\connection.js:109:25)
    at Socket.emit (node:events:519:28)
    at addChunk (node:internal/streams/readable:561:12)
    at readableAddChunkPushByteMode (node:internal/streams/readable:512:3)
    at Readable.push (node:internal/streams/readable:392:5) {
  code: 'ER_NO_DEFAULT_FOR_FIELD',
  errno: 1364,
  sqlState: 'HY000',
  sqlMessage: "Field 'staff_name' doesn't have a default value",
  sql: '\n' +
    '        INSERT INTO staff\n' +
    '        (name, mobile, role, salary, joining_date, status, address, note)\n' +
    "        VALUES ('adesh rasal', '9146474395', 'manager', 50000, '2026-06-30', 'Active', 'pune', '')\n" +
    '      '
}
Staff save failed Error: Field 'staff_name' doesn't have a default value
    at Packet.asError (C:\Users\Adesh Rasal\OneDrive\Desktop\smartkhata\backend\node_modules\mysql2\lib\packets\packet.js:791:17)
    at Query.execute (C:\Users\Adesh Rasal\OneDrive\Desktop\smartkhata\backend\node_modules\mysql2\lib\commands\command.js:29:26)
    at Connection.handlePacket (C:\Users\Adesh Rasal\OneDrive\Desktop\smartkhata\backend\node_modules\mysql2\lib\base\connection.js:552:34)
    at PacketParser.onPacket (C:\Users\Adesh Rasal\OneDrive\Desktop\smartkhata\backend\node_modules\mysql2\lib\base\connection.js:102:12)
    at PacketParser.executeStart (C:\Users\Adesh Rasal\OneDrive\Desktop\smartkhata\backend\node_modules\mysql2\lib\packet_parser.js:75:16)
    at Socket.<anonymous> (C:\Users\Adesh Rasal\OneDrive\Desktop\smartkhata\backend\node_modules\mysql2\lib\base\connection.js:109:25)
    at Socket.emit (node:events:519:28)
    at addChunk (node:internal/streams/readable:561:12)
    at readableAddChunkPushByteMode (node:internal/streams/readable:512:3)
    at Readable.push (node:internal/streams/readable:392:5) {
  code: 'ER_NO_DEFAULT_FOR_FIELD',
  errno: 1364,
  sqlState: 'HY000',
  sqlMessage: "Field 'staff_name' doesn't have a default value",
  sql: '\n' +
    '        INSERT INTO staff\n' +
    '        (name, mobile, role, salary, joining_date, status, address, note)\n' +
    "        VALUES ('adesh rasal', '9146474395', 'manager', 50000, '2026-06-30', 'Active', 'pune', '')\n" +
    '      '
}
Staff save failed Error: Field 'staff_name' doesn't have a default value
    at Packet.asError (C:\Users\Adesh Rasal\OneDrive\Desktop\smartkhata\backend\node_modules\mysql2\lib\packets\packet.js:791:17)
    at Query.execute (C:\Users\Adesh Rasal\OneDrive\Desktop\smartkhata\backend\node_modules\mysql2\lib\commands\command.js:29:26)
    at Connection.handlePacket (C:\Users\Adesh Rasal\OneDrive\Desktop\smartkhata\backend\node_modules\mysql2\lib\base\connection.js:552:34)
    at PacketParser.onPacket (C:\Users\Adesh Rasal\OneDrive\Desktop\smartkhata\backend\node_modules\mysql2\lib\base\connection.js:102:12)
    at PacketParser.executeStart (C:\Users\Adesh Rasal\OneDrive\Desktop\smartkhata\backend\node_modules\mysql2\lib\packet_parser.js:75:16)
    at Socket.<anonymous> (C:\Users\Adesh Rasal\OneDrive\Desktop\smartkhata\backend\node_modules\mysql2\lib\base\connection.js:109:25)
    at Socket.emit (node:events:519:28)
    at addChunk (node:internal/streams/readable:561:12)
    at readableAddChunkPushByteMode (node:internal/streams/readable:512:3)
    at Readable.push (node:internal/streams/readable:392:5) {
  code: 'ER_NO_DEFAULT_FOR_FIELD',
  errno: 1364,
  sqlState: 'HY000',
  sqlMessage: "Field 'staff_name' doesn't have a default value",
  sql: '\n' +
    '        INSERT INTO staff\n' +
    '        (name, mobile, role, salary, joining_date, status, address, note)\n' +
    "        VALUES ('adesh rasal', '9146474395', 'manager', 50000, '2026-06-30', 'Active', 'pune', '')\n" +
    '      '
}
Staff save failed Error: Field 'staff_name' doesn't have a default value
    at Packet.asError (C:\Users\Adesh Rasal\OneDrive\Desktop\smartkhata\backend\node_modules\mysql2\lib\packets\packet.js:791:17)
    at Query.execute (C:\Users\Adesh Rasal\OneDrive\Desktop\smartkhata\backend\node_modules\mysql2\lib\commands\command.js:29:26)
    at Connection.handlePacket (C:\Users\Adesh Rasal\OneDrive\Desktop\smartkhata\backend\node_modules\mysql2\lib\base\connection.js:552:34)
    at PacketParser.onPacket (C:\Users\Adesh Rasal\OneDrive\Desktop\smartkhata\backend\node_modules\mysql2\lib\base\connection.js:102:12)
    at PacketParser.executeStart (C:\Users\Adesh Rasal\OneDrive\Desktop\smartkhata\backend\node_modules\mysql2\lib\packet_parser.js:75:16)
    at Socket.<anonymous> (C:\Users\Adesh Rasal\OneDrive\Desktop\smartkhata\backend\node_modules\mysql2\lib\base\connection.js:109:25)
    at Socket.emit (node:events:519:28)
    at addChunk (node:internal/streams/readable:561:12)
    at readableAddChunkPushByteMode (node:internal/streams/readable:512:3)
    at Readable.push (node:internal/streams/readable:392:5) {
  code: 'ER_NO_DEFAULT_FOR_FIELD',
  errno: 1364,
  sqlState: 'HY000',
  sqlMessage: "Field 'staff_name' doesn't have a default value",
  sql: '\n' +
    '        INSERT INTO staff\n' +
    '        (name, mobile, role, salary, joining_date, status, address, note)\n' +
    "        VALUES ('adesh rasal', '9146474395', 'manager', 50000, '2026-06-30', 'Active', 'pune', '')\n" +
    '      '
}
Staff save failed Error: Field 'staff_name' doesn't have a default value
    at Packet.asError (C:\Users\Adesh Rasal\OneDrive\Desktop\smartkhata\backend\node_modules\mysql2\lib\packets\packet.js:791:17)
    at Query.execute (C:\Users\Adesh Rasal\OneDrive\Desktop\smartkhata\backend\node_modules\mysql2\lib\commands\command.js:29:26)
    at Connection.handlePacket (C:\Users\Adesh Rasal\OneDrive\Desktop\smartkhata\backend\node_modules\mysql2\lib\base\connection.js:552:34)
    at PacketParser.onPacket (C:\Users\Adesh Rasal\OneDrive\Desktop\smartkhata\backend\node_modules\mysql2\lib\base\connection.js:102:12)
    at PacketParser.executeStart (C:\Users\Adesh Rasal\OneDrive\Desktop\smartkhata\backend\node_modules\mysql2\lib\packet_parser.js:75:16)
    at Socket.<anonymous> (C:\Users\Adesh Rasal\OneDrive\Desktop\smartkhata\backend\node_modules\mysql2\lib\base\connection.js:109:25)
    at Socket.emit (node:events:519:28)
    at addChunk (node:internal/streams/readable:561:12)
    at readableAddChunkPushByteMode (node:internal/streams/readable:512:3)
    at Readable.push (node:internal/streams/readable:392:5) {
  code: 'ER_NO_DEFAULT_FOR_FIELD',
  errno: 1364,
  sqlState: 'HY000',
  sqlMessage: "Field 'staff_name' doesn't have a default value",
  sql: '\n' +
    '        INSERT INTO staff\n' +
    '        (name, mobile, role, salary, joining_date, status, address, note)\n' +
    "        VALUES ('adesh rasal', '9146474395', 'manager', 50000, '2026-06-30', 'Active', 'pune', '')\n" +
    '      '
}
Staff save failed Error: Field 'staff_name' doesn't have a default value
    at Packet.asError (C:\Users\Adesh Rasal\OneDrive\Desktop\smartkhata\backend\node_modules\mysql2\lib\packets\packet.js:791:17)
    at Query.execute (C:\Users\Adesh Rasal\OneDrive\Desktop\smartkhata\backend\node_modules\mysql2\lib\commands\command.js:29:26)
    at Connection.handlePacket (C:\Users\Adesh Rasal\OneDrive\Desktop\smartkhata\backend\node_modules\mysql2\lib\base\connection.js:552:34)
    at PacketParser.onPacket (C:\Users\Adesh Rasal\OneDrive\Desktop\smartkhata\backend\node_modules\mysql2\lib\base\connection.js:102:12)
    at PacketParser.executeStart (C:\Users\Adesh Rasal\OneDrive\Desktop\smartkhata\backend\node_modules\mysql2\lib\packet_parser.js:75:16)
    at Socket.<anonymous> (C:\Users\Adesh Rasal\OneDrive\Desktop\smartkhata\backend\node_modules\mysql2\lib\base\connection.js:109:25)
    at Socket.emit (node:events:519:28)
    at addChunk (node:internal/streams/readable:561:12)
    at readableAddChunkPushByteMode (node:internal/streams/readable:512:3)
    at Readable.push (node:internal/streams/readable:392:5) {
  code: 'ER_NO_DEFAULT_FOR_FIELD',
  errno: 1364,
  sqlState: 'HY000',
  sqlMessage: "Field 'staff_name' doesn't have a default value",
  sql: '\n' +
    '        INSERT INTO staff\n' +
    '        (name, mobile, role, salary, joining_date, status, address, note)\n' +
    "        VALUES ('adesh rasal', '9146474395', 'manager', 50000, '2026-06-30', 'Active', 'pune', '')\n" +
    '      '
}
Staff save failed Error: Field 'staff_name' doesn't have a default value
    at Packet.asError (C:\Users\Adesh Rasal\OneDrive\Desktop\smartkhata\backend\node_modules\mysql2\lib\packets\packet.js:791:17)
    at Query.execute (C:\Users\Adesh Rasal\OneDrive\Desktop\smartkhata\backend\node_modules\mysql2\lib\commands\command.js:29:26)
    at Connection.handlePacket (C:\Users\Adesh Rasal\OneDrive\Desktop\smartkhata\backend\node_modules\mysql2\lib\base\connection.js:552:34)
    at PacketParser.onPacket (C:\Users\Adesh Rasal\OneDrive\Desktop\smartkhata\backend\node_modules\mysql2\lib\base\connection.js:102:12)
    at PacketParser.executeStart (C:\Users\Adesh Rasal\OneDrive\Desktop\smartkhata\backend\node_modules\mysql2\lib\packet_parser.js:75:16)
    at Socket.<anonymous> (C:\Users\Adesh Rasal\OneDrive\Desktop\smartkhata\backend\node_modules\mysql2\lib\base\connection.js:109:25)
    at Socket.emit (node:events:519:28)
    at addChunk (node:internal/streams/readable:561:12)
    at readableAddChunkPushByteMode (node:internal/streams/readable:512:3)
    at Readable.push (node:internal/streams/readable:392:5) {
  code: 'ER_NO_DEFAULT_FOR_FIELD',
  errno: 1364,
  sqlState: 'HY000',
  sqlMessage: "Field 'staff_name' doesn't have a default value",
  sql: '\n' +
    '        INSERT INTO staff\n' +
    '        (name, mobile, role, salary, joining_date, status, address, note)\n' +
    "        VALUES ('adesh rasal', '9146474395', 'manager', 50000, '2026-06-30', 'Active', 'pune', 'fghj')\n" +
    '      '
}
Staff save failed Error: Field 'staff_name' doesn't have a default value
    at Packet.asError (C:\Users\Adesh Rasal\OneDrive\Desktop\smartkhata\backend\node_modules\mysql2\lib\packets\packet.js:791:17)
    at Query.execute (C:\Users\Adesh Rasal\OneDrive\Desktop\smartkhata\backend\node_modules\mysql2\lib\commands\command.js:29:26)
    at Connection.handlePacket (C:\Users\Adesh Rasal\OneDrive\Desktop\smartkhata\backend\node_modules\mysql2\lib\base\connection.js:552:34)
    at PacketParser.onPacket (C:\Users\Adesh Rasal\OneDrive\Desktop\smartkhata\backend\node_modules\mysql2\lib\base\connection.js:102:12)
    at PacketParser.executeStart (C:\Users\Adesh Rasal\OneDrive\Desktop\smartkhata\backend\node_modules\mysql2\lib\packet_parser.js:75:16)
    at Socket.<anonymous> (C:\Users\Adesh Rasal\OneDrive\Desktop\smartkhata\backend\node_modules\mysql2\lib\base\connection.js:109:25)
    at Socket.emit (node:events:519:28)
    at addChunk (node:internal/streams/readable:561:12)
    at readableAddChunkPushByteMode (node:internal/streams/readable:512:3)
    at Readable.push (node:internal/streams/readable:392:5) {
  code: 'ER_NO_DEFAULT_FOR_FIELD',
  errno: 1364,
  sqlState: 'HY000',
  sqlMessage: "Field 'staff_name' doesn't have a default value",
  sql: '\n' +
    '        INSERT INTO staff\n' +
    '        (name, mobile, role, salary, joining_date, status, address, note)\n' +
    "        VALUES ('adesh rasal', '9146474395', 'manager', 50000, '2026-06-30', 'Active', 'pune', 'fghj')\n" +
    '      '
}
Staff save failed Error: Field 'staff_name' doesn't have a default value
    at Packet.asError (C:\Users\Adesh Rasal\OneDrive\Desktop\smartkhata\backend\node_modules\mysql2\lib\packets\packet.js:791:17)
    at Query.execute (C:\Users\Adesh Rasal\OneDrive\Desktop\smartkhata\backend\node_modules\mysql2\lib\commands\command.js:29:26)
    at Connection.handlePacket (C:\Users\Adesh Rasal\OneDrive\Desktop\smartkhata\backend\node_modules\mysql2\lib\base\connection.js:552:34)
    at PacketParser.onPacket (C:\Users\Adesh Rasal\OneDrive\Desktop\smartkhata\backend\node_modules\mysql2\lib\base\connection.js:102:12)
    at PacketParser.executeStart (C:\Users\Adesh Rasal\OneDrive\Desktop\smartkhata\backend\node_modules\mysql2\lib\packet_parser.js:75:16)
    at Socket.<anonymous> (C:\Users\Adesh Rasal\OneDrive\Desktop\smartkhata\backend\node_modules\mysql2\lib\base\connection.js:109:25)
    at Socket.emit (node:events:519:28)
    at addChunk (node:internal/streams/readable:561:12)
    at readableAddChunkPushByteMode (node:internal/streams/readable:512:3)
    at Readable.push (node:internal/streams/readable:392:5) {
  code: 'ER_NO_DEFAULT_FOR_FIELD',
  errno: 1364,
  sqlState: 'HY000',
  sqlMessage: "Field 'staff_name' doesn't have a default value",
  sql: '\n' +
    '        INSERT INTO staff\n' +
    '        (name, mobile, role, salary, joining_date, status, address, note)\n' +
    "        VALUES ('adesh rasal', '9146474395', 'manager', 50000, '2026-06-30', 'Active', 'pune', 'fghj')\n" +
    '      '
}
Staff save failed Error: Field 'staff_name' doesn't have a default value
    at Packet.asError (C:\Users\Adesh Rasal\OneDrive\Desktop\smartkhata\backend\node_modules\mysql2\lib\packets\packet.js:791:17)
    at Query.execute (C:\Users\Adesh Rasal\OneDrive\Desktop\smartkhata\backend\node_modules\mysql2\lib\commands\command.js:29:26)
    at Connection.handlePacket (C:\Users\Adesh Rasal\OneDrive\Desktop\smartkhata\backend\node_modules\mysql2\lib\base\connection.js:552:34)
    at PacketParser.onPacket (C:\Users\Adesh Rasal\OneDrive\Desktop\smartkhata\backend\node_modules\mysql2\lib\base\connection.js:102:12)
    at PacketParser.executeStart (C:\Users\Adesh Rasal\OneDrive\Desktop\smartkhata\backend\node_modules\mysql2\lib\packet_parser.js:75:16)
    at Socket.<anonymous> (C:\Users\Adesh Rasal\OneDrive\Desktop\smartkhata\backend\node_modules\mysql2\lib\base\connection.js:109:25)
    at Socket.emit (node:events:519:28)
    at addChunk (node:internal/streams/readable:561:12)
    at readableAddChunkPushByteMode (node:internal/streams/readable:512:3)
    at Readable.push (node:internal/streams/readable:392:5) {
  code: 'ER_NO_DEFAULT_FOR_FIELD',
  errno: 1364,
  sqlState: 'HY000',
  sqlMessage: "Field 'staff_name' doesn't have a default value",
  sql: '\n' +
    '        INSERT INTO staff\n' +
    '        (name, mobile, role, salary, joining_date, status, address, note)\n' +
    "        VALUES ('adesh rasal', '9146474395', 'manager', 50000, '2026-06-30', 'Active', 'pune', 'fghj')\n" +
    '      '
}
Staff save failed Error: Field 'staff_name' doesn't have a default value
    at Packet.asError (C:\Users\Adesh Rasal\OneDrive\Desktop\smartkhata\backend\node_modules\mysql2\lib\packets\packet.js:791:17)
    at Query.execute (C:\Users\Adesh Rasal\OneDrive\Desktop\smartkhata\backend\node_modules\mysql2\lib\commands\command.js:29:26)
    at Connection.handlePacket (C:\Users\Adesh Rasal\OneDrive\Desktop\smartkhata\backend\node_modules\mysql2\lib\base\connection.js:552:34)
    at PacketParser.onPacket (C:\Users\Adesh Rasal\OneDrive\Desktop\smartkhata\backend\node_modules\mysql2\lib\base\connection.js:102:12)
    at PacketParser.executeStart (C:\Users\Adesh Rasal\OneDrive\Desktop\smartkhata\backend\node_modules\mysql2\lib\packet_parser.js:75:16)
    at Socket.<anonymous> (C:\Users\Adesh Rasal\OneDrive\Desktop\smartkhata\backend\node_modules\mysql2\lib\base\connection.js:109:25)
    at Socket.emit (node:events:519:28)
    at addChunk (node:internal/streams/readable:561:12)
    at readableAddChunkPushByteMode (node:internal/streams/readable:512:3)
    at Readable.push (node:internal/streams/readable:392:5) {
  code: 'ER_NO_DEFAULT_FOR_FIELD',
  errno: 1364,
  sqlState: 'HY000',
  sqlMessage: "Field 'staff_name' doesn't have a default value",
  sql: '\n' +
    '        INSERT INTO staff\n' +
    '        (name, mobile, role, salary, joining_date, status, address, note)\n' +
    "        VALUES ('adesh rasal', '9146474395', 'manager', 50000, '2026-06-30', 'Active', 'pune', 'fghj')\n" +
    '      '
}
Staff save failed Error: Field 'staff_name' doesn't have a default value
    at Packet.asError (C:\Users\Adesh Rasal\OneDrive\Desktop\smartkhata\backend\node_modules\mysql2\lib\packets\packet.js:791:17)
    at Query.execute (C:\Users\Adesh Rasal\OneDrive\Desktop\smartkhata\backend\node_modules\mysql2\lib\commands\command.js:29:26)
    at Connection.handlePacket (C:\Users\Adesh Rasal\OneDrive\Desktop\smartkhata\backend\node_modules\mysql2\lib\base\connection.js:552:34)
    at PacketParser.onPacket (C:\Users\Adesh Rasal\OneDrive\Desktop\smartkhata\backend\node_modules\mysql2\lib\base\connection.js:102:12)
    at PacketParser.executeStart (C:\Users\Adesh Rasal\OneDrive\Desktop\smartkhata\backend\node_modules\mysql2\lib\packet_parser.js:75:16)
    at Socket.<anonymous> (C:\Users\Adesh Rasal\OneDrive\Desktop\smartkhata\backend\node_modules\mysql2\lib\base\connection.js:109:25)
    at Socket.emit (node:events:519:28)
    at addChunk (node:internal/streams/readable:561:12)
    at readableAddChunkPushByteMode (node:internal/streams/readable:512:3)
    at Readable.push (node:internal/streams/readable:392:5) {
  code: 'ER_NO_DEFAULT_FOR_FIELD',
  errno: 1364,
  sqlState: 'HY000',
  sqlMessage: "Field 'staff_name' doesn't have a default value",
  sql: '\n' +
    '        INSERT INTO staff\n' +
    '        (name, mobile, role, salary, joining_date, status, address, note)\n' +
    "        VALUES ('adesh Rasal', '9988776655', 'manager', 50000, '2026-06-30', 'Active', 'pune', 'NA')\n" +
    '      '
}
Staff save failed Error: Field 'staff_name' doesn't have a default value
    at Packet.asError (C:\Users\Adesh Rasal\OneDrive\Desktop\smartkhata\backend\node_modules\mysql2\lib\packets\packet.js:791:17)
    at Query.execute (C:\Users\Adesh Rasal\OneDrive\Desktop\smartkhata\backend\node_modules\mysql2\lib\commands\command.js:29:26)
    at Connection.handlePacket (C:\Users\Adesh Rasal\OneDrive\Desktop\smartkhata\backend\node_modules\mysql2\lib\base\connection.js:552:34)
    at PacketParser.onPacket (C:\Users\Adesh Rasal\OneDrive\Desktop\smartkhata\backend\node_modules\mysql2\lib\base\connection.js:102:12)
    at PacketParser.executeStart (C:\Users\Adesh Rasal\OneDrive\Desktop\smartkhata\backend\node_modules\mysql2\lib\packet_parser.js:75:16)
    at Socket.<anonymous> (C:\Users\Adesh Rasal\OneDrive\Desktop\smartkhata\backend\node_modules\mysql2\lib\base\connection.js:109:25)
    at Socket.emit (node:events:519:28)
    at addChunk (node:internal/streams/readable:561:12)
    at readableAddChunkPushByteMode (node:internal/streams/readable:512:3)
    at Readable.push (node:internal/streams/readable:392:5) {
  code: 'ER_NO_DEFAULT_FOR_FIELD',
  errno: 1364,
  sqlState: 'HY000',
  sqlMessage: "Field 'staff_name' doesn't have a default value",
  sql: '\n' +
    '        INSERT INTO staff\n' +
    '        (name, mobile, role, salary, joining_date, status, address, note)\n' +
    "        VALUES ('adesh Rasal', '9988776655', 'manager', 50000, '2026-06-30', 'Active', 'pune', 'NA')\n" +
    '      '
}
Staff save failed Error: Field 'staff_name' doesn't have a default value
    at Packet.asError (C:\Users\Adesh Rasal\OneDrive\Desktop\smartkhata\backend\node_modules\mysql2\lib\packets\packet.js:791:17)
    at Query.execute (C:\Users\Adesh Rasal\OneDrive\Desktop\smartkhata\backend\node_modules\mysql2\lib\commands\command.js:29:26)
    at Connection.handlePacket (C:\Users\Adesh Rasal\OneDrive\Desktop\smartkhata\backend\node_modules\mysql2\lib\base\connection.js:552:34)
    at PacketParser.onPacket (C:\Users\Adesh Rasal\OneDrive\Desktop\smartkhata\backend\node_modules\mysql2\lib\base\connection.js:102:12)
    at PacketParser.executeStart (C:\Users\Adesh Rasal\OneDrive\Desktop\smartkhata\backend\node_modules\mysql2\lib\packet_parser.js:75:16)
    at Socket.<anonymous> (C:\Users\Adesh Rasal\OneDrive\Desktop\smartkhata\backend\node_modules\mysql2\lib\base\connection.js:109:25)
    at Socket.emit (node:events:519:28)
    at addChunk (node:internal/streams/readable:561:12)
    at readableAddChunkPushByteMode (node:internal/streams/readable:512:3)
    at Readable.push (node:internal/streams/readable:392:5) {
  code: 'ER_NO_DEFAULT_FOR_FIELD',
  errno: 1364,
  sqlState: 'HY000',
  sqlMessage: "Field 'staff_name' doesn't have a default value",
  sql: '\n' +
    '        INSERT INTO staff\n' +
    '        (name, mobile, role, salary, joining_date, status, address, note)\n' +
    "        VALUES ('adesh Rasal', '9988776655', 'manager', 50000, '2026-06-30', 'Active', 'pune', 'NA')\n" +
    '      '
}
Staff save failed Error: Field 'staff_name' doesn't have a default value
    at Packet.asError (C:\Users\Adesh Rasal\OneDrive\Desktop\smartkhata\backend\node_modules\mysql2\lib\packets\packet.js:791:17)
    at Query.execute (C:\Users\Adesh Rasal\OneDrive\Desktop\smartkhata\backend\node_modules\mysql2\lib\commands\command.js:29:26)
    at Connection.handlePacket (C:\Users\Adesh Rasal\OneDrive\Desktop\smartkhata\backend\node_modules\mysql2\lib\base\connection.js:552:34)
    at PacketParser.onPacket (C:\Users\Adesh Rasal\OneDrive\Desktop\smartkhata\backend\node_modules\mysql2\lib\base\connection.js:102:12)
    at PacketParser.executeStart (C:\Users\Adesh Rasal\OneDrive\Desktop\smartkhata\backend\node_modules\mysql2\lib\packet_parser.js:75:16)
    at Socket.<anonymous> (C:\Users\Adesh Rasal\OneDrive\Desktop\smartkhata\backend\node_modules\mysql2\lib\base\connection.js:109:25)
    at Socket.emit (node:events:519:28)
    at addChunk (node:internal/streams/readable:561:12)
    at readableAddChunkPushByteMode (node:internal/streams/readable:512:3)
    at Readable.push (node:internal/streams/readable:392:5) {
  code: 'ER_NO_DEFAULT_FOR_FIELD',
  errno: 1364,
  sqlState: 'HY000',
  sqlMessage: "Field 'staff_name' doesn't have a default value",
  sql: '\n' +
    '        INSERT INTO staff\n' +
    '        (name, mobile, role, salary, joining_date, status, address, note)\n' +
    "        VALUES ('adesh Rasal', '9988776655', 'manager', 50000, '2026-06-30', 'Active', 'pune', 'NA')\n" +
    '      '
}
Staff save failed Error: Field 'staff_name' doesn't have a default value
    at Packet.asError (C:\Users\Adesh Rasal\OneDrive\Desktop\smartkhata\backend\node_modules\mysql2\lib\packets\packet.js:791:17)
    at Query.execute (C:\Users\Adesh Rasal\OneDrive\Desktop\smartkhata\backend\node_modules\mysql2\lib\commands\command.js:29:26)
    at Connection.handlePacket (C:\Users\Adesh Rasal\OneDrive\Desktop\smartkhata\backend\node_modules\mysql2\lib\base\connection.js:552:34)
    at PacketParser.onPacket (C:\Users\Adesh Rasal\OneDrive\Desktop\smartkhata\backend\node_modules\mysql2\lib\base\connection.js:102:12)
    at PacketParser.executeStart (C:\Users\Adesh Rasal\OneDrive\Desktop\smartkhata\backend\node_modules\mysql2\lib\packet_parser.js:75:16)
    at Socket.<anonymous> (C:\Users\Adesh Rasal\OneDrive\Desktop\smartkhata\backend\node_modules\mysql2\lib\base\connection.js:109:25)
    at Socket.emit (node:events:519:28)
    at addChunk (node:internal/streams/readable:561:12)
    at readableAddChunkPushByteMode (node:internal/streams/readable:512:3)
    at Readable.push (node:internal/streams/readable:392:5) {
  code: 'ER_NO_DEFAULT_FOR_FIELD',
  errno: 1364,
  sqlState: 'HY000',
  sqlMessage: "Field 'staff_name' doesn't have a default value",
  sql: '\n' +
    '        INSERT INTO staff\n' +
    '        (name, mobile, role, salary, joining_date, status, address, note)\n' +
    "        VALUES ('adesh Rasal', '9988776655', 'manager', 50000, '2026-06-30', 'Active', 'pune', 'NA')\n" +
    '      '
}
Staff save failed Error: Field 'staff_name' doesn't have a default value
    at Packet.asError (C:\Users\Adesh Rasal\OneDrive\Desktop\smartkhata\backend\node_modules\mysql2\lib\packets\packet.js:791:17)
    at Query.execute (C:\Users\Adesh Rasal\OneDrive\Desktop\smartkhata\backend\node_modules\mysql2\lib\commands\command.js:29:26)
    at Connection.handlePacket (C:\Users\Adesh Rasal\OneDrive\Desktop\smartkhata\backend\node_modules\mysql2\lib\base\connection.js:552:34)
    at PacketParser.onPacket (C:\Users\Adesh Rasal\OneDrive\Desktop\smartkhata\backend\node_modules\mysql2\lib\base\connection.js:102:12)
    at PacketParser.executeStart (C:\Users\Adesh Rasal\OneDrive\Desktop\smartkhata\backend\node_modules\mysql2\lib\packet_parser.js:75:16)
    at Socket.<anonymous> (C:\Users\Adesh Rasal\OneDrive\Desktop\smartkhata\backend\node_modules\mysql2\lib\base\connection.js:109:25)
    at Socket.emit (node:events:519:28)
    at addChunk (node:internal/streams/readable:561:12)
    at readableAddChunkPushByteMode (node:internal/streams/readable:512:3)
    at Readable.push (node:internal/streams/readable:392:5) {
  code: 'ER_NO_DEFAULT_FOR_FIELD',
  errno: 1364,
  sqlState: 'HY000',
  sqlMessage: "Field 'staff_name' doesn't have a default value",
  sql: '\n' +
    '        INSERT INTO staff\n' +
    '        (name, mobile, role, salary, joining_date, status, address, note)\n' +
    "        VALUES ('adesh Rasal', '9988776655', 'manager', 50000, '2026-06-30', 'Active', '', '')\n" +
    '      '
}
Staff save failed Error: Field 'staff_name' doesn't have a default value
    at Packet.asError (C:\Users\Adesh Rasal\OneDrive\Desktop\smartkhata\backend\node_modules\mysql2\lib\packets\packet.js:791:17)
    at Query.execute (C:\Users\Adesh Rasal\OneDrive\Desktop\smartkhata\backend\node_modules\mysql2\lib\commands\command.js:29:26)
    at Connection.handlePacket (C:\Users\Adesh Rasal\OneDrive\Desktop\smartkhata\backend\node_modules\mysql2\lib\base\connection.js:552:34)
    at PacketParser.onPacket (C:\Users\Adesh Rasal\OneDrive\Desktop\smartkhata\backend\node_modules\mysql2\lib\base\connection.js:102:12)
    at PacketParser.executeStart (C:\Users\Adesh Rasal\OneDrive\Desktop\smartkhata\backend\node_modules\mysql2\lib\packet_parser.js:75:16)
    at Socket.<anonymous> (C:\Users\Adesh Rasal\OneDrive\Desktop\smartkhata\backend\node_modules\mysql2\lib\base\connection.js:109:25)
    at Socket.emit (node:events:519:28)
    at addChunk (node:internal/streams/readable:561:12)
    at readableAddChunkPushByteMode (node:internal/streams/readable:512:3)
    at Readable.push (node:internal/streams/readable:392:5) {
  code: 'ER_NO_DEFAULT_FOR_FIELD',
  errno: 1364,
  sqlState: 'HY000',
  sqlMessage: "Field 'staff_name' doesn't have a default value",
  sql: '\n' +
    '        INSERT INTO staff\n' +
    '        (name, mobile, role, salary, joining_date, status, address, note)\n' +
    "        VALUES ('adesh Rasal', '9988776655', 'manager', 50000, '2026-06-30', 'Active', '', '')\n" +
    '      '
}
Staff save failed Error: Field 'staff_name' doesn't have a default value
    at Packet.asError (C:\Users\Adesh Rasal\OneDrive\Desktop\smartkhata\backend\node_modules\mysql2\lib\packets\packet.js:791:17)
    at Query.execute (C:\Users\Adesh Rasal\OneDrive\Desktop\smartkhata\backend\node_modules\mysql2\lib\commands\command.js:29:26)
    at Connection.handlePacket (C:\Users\Adesh Rasal\OneDrive\Desktop\smartkhata\backend\node_modules\mysql2\lib\base\connection.js:552:34)
    at PacketParser.onPacket (C:\Users\Adesh Rasal\OneDrive\Desktop\smartkhata\backend\node_modules\mysql2\lib\base\connection.js:102:12)
    at PacketParser.executeStart (C:\Users\Adesh Rasal\OneDrive\Desktop\smartkhata\backend\node_modules\mysql2\lib\packet_parser.js:75:16)
    at Socket.<anonymous> (C:\Users\Adesh Rasal\OneDrive\Desktop\smartkhata\backend\node_modules\mysql2\lib\base\connection.js:109:25)
    at Socket.emit (node:events:519:28)
    at addChunk (node:internal/streams/readable:561:12)
    at readableAddChunkPushByteMode (node:internal/streams/readable:512:3)
    at Readable.push (node:internal/streams/readable:392:5) {
  code: 'ER_NO_DEFAULT_FOR_FIELD',
  errno: 1364,
  sqlState: 'HY000',
  sqlMessage: "Field 'staff_name' doesn't have a default value",
  sql: '\n' +
    '        INSERT INTO staff\n' +
    '        (name, mobile, role, salary, joining_date, status, address, note)\n' +
    "        VALUES ('adesh Rasal', '9988776655', 'manager', 50000, '2026-06-30', 'Active', '', '')\n" +
    '      '
}
Staff save failed Error: Field 'staff_name' doesn't have a default value
    at Packet.asError (C:\Users\Adesh Rasal\OneDrive\Desktop\smartkhata\backend\node_modules\mysql2\lib\packets\packet.js:791:17)
    at Query.execute (C:\Users\Adesh Rasal\OneDrive\Desktop\smartkhata\backend\node_modules\mysql2\lib\commands\command.js:29:26)
    at Connection.handlePacket (C:\Users\Adesh Rasal\OneDrive\Desktop\smartkhata\backend\node_modules\mysql2\lib\base\connection.js:552:34)
    at PacketParser.onPacket (C:\Users\Adesh Rasal\OneDrive\Desktop\smartkhata\backend\node_modules\mysql2\lib\base\connection.js:102:12)
    at PacketParser.executeStart (C:\Users\Adesh Rasal\OneDrive\Desktop\smartkhata\backend\node_modules\mysql2\lib\packet_parser.js:75:16)
    at Socket.<anonymous> (C:\Users\Adesh Rasal\OneDrive\Desktop\smartkhata\backend\node_modules\mysql2\lib\base\connection.js:109:25)
    at Socket.emit (node:events:519:28)
    at addChunk (node:internal/streams/readable:561:12)
    at readableAddChunkPushByteMode (node:internal/streams/readable:512:3)
    at Readable.push (node:internal/streams/readable:392:5) {
  code: 'ER_NO_DEFAULT_FOR_FIELD',
  errno: 1364,
  sqlState: 'HY000',
  sqlMessage: "Field 'staff_name' doesn't have a default value",
  sql: '\n' +
    '        INSERT INTO staff\n' +
    '        (name, mobile, role, salary, joining_date, status, address, note)\n' +
    "        VALUES ('adesh Rasal', '9988776655', 'manager', 50000, '2026-06-30', 'Active', '', '')\n" +
    '      '
}
